<?xml version="1.0" encoding="UTF-8" ?>
<testsuite tests="10" failures="5" name="TestSuite" time="27.87" errors="0" skipped="0">
  <properties>
[...]
</properties>
  <testcase classname="com.qa.test.CustomerTest" name="VerifyLabel" time="1.901"/>
  <testcase classname="com.qa.test.LoginPageTest" name="VerifyUserLogin" time="2.838"/>
  <testcase classname="com.qa.test.ManagerTest" name="ValidateTitle" time="0.019"/>
  <testcase classname="com.qa.test.LoginPageTest" name="VerifyLoginPageTitle" time="0.025"/>
  <testcase classname="com.qa.test.ManagerTest" name="VerifyCuurentUserName" time="2.413">
    <failure message="invalid selector: Unable to locate an element with the xpath expression //td//marquee[text()=&apos;Welcome To Manager&apos;s Page of Guru99 Bank&apos;] because of the following error:
SyntaxError: Failed to execute &apos;evaluate&apos; on &apos;Document&apos;: The string &apos;//td//marquee[text()=&apos;Welcome To Manager&apos;s Page of Guru99 Bank&apos;]&apos; is not a valid XPath expression.
  (Session info: chrome=91.0.4472.114)
For documentation on this error, please visit: http://seleniumhq.org/exceptions/invalid_selector_exception.html
Build info: version: &apos;3.141.0&apos;, revision: &apos;2ecb7d9a&apos;, time: &apos;2018-10-31T20:09:30&apos;
System info: host: &apos;PC-PC&apos;, ip: &apos;192.168.106.1&apos;, os.name: &apos;Windows 7&apos;, os.arch: &apos;amd64&apos;, os.version: &apos;6.1&apos;, java.version: &apos;1.8.0_161&apos;
Driver info: org.openqa.selenium.chrome.ChromeDriver
Capabilities {acceptInsecureCerts: true, browserName: chrome, browserVersion: 91.0.4472.114, chrome: {chromedriverVersion: 91.0.4472.101 (af52a90bf870..., userDataDir: C:\Users\pc\AppData\Local\T...}, goog:chromeOptions: {debuggerAddress: localhost:56562}, javascriptEnabled: true, networkConnectionEnabled: false, pageLoadStrategy: normal, platform: WINDOWS, platformName: WINDOWS, proxy: Proxy(), setWindowRect: true, strictFileInteractability: false, timeouts: {implicit: 0, pageLoad: 300000, script: 30000}, unhandledPromptBehavior: dismiss and notify, webauthn:extension:largeBlob: true, webauthn:virtualAuthenticators: true}
Session ID: 6453ec173237c4ea65cf8b8123efc442
*** Element info: {Using=xpath, value=//td//marquee[text()=&apos;Welcome To Manager&apos;s Page of Guru99 Bank&apos;]}" type="org.openqa.selenium.InvalidSelectorException">org.openqa.selenium.InvalidSelectorException: invalid selector: Unable to locate an element with the xpath expression //td//marquee[text()=&apos;Welcome To Manager&apos;s Page of Guru99 Bank&apos;] because of the following error:
SyntaxError: Failed to execute &apos;evaluate&apos; on &apos;Document&apos;: The string &apos;//td//marquee[text()=&apos;Welcome To Manager&apos;s Page of Guru99 Bank&apos;]&apos; is not a valid XPath expression.
  (Session info: chrome=91.0.4472.114)
For documentation on this error, please visit: http://seleniumhq.org/exceptions/invalid_selector_exception.html
Build info: version: &apos;3.141.0&apos;, revision: &apos;2ecb7d9a&apos;, time: &apos;2018-10-31T20:09:30&apos;
System info: host: &apos;PC-PC&apos;, ip: &apos;192.168.106.1&apos;, os.name: &apos;Windows 7&apos;, os.arch: &apos;amd64&apos;, os.version: &apos;6.1&apos;, java.version: &apos;1.8.0_161&apos;
Driver info: org.openqa.selenium.chrome.ChromeDriver
Capabilities {acceptInsecureCerts: true, browserName: chrome, browserVersion: 91.0.4472.114, chrome: {chromedriverVersion: 91.0.4472.101 (af52a90bf870..., userDataDir: C:\Users\pc\AppData\Local\T...}, goog:chromeOptions: {debuggerAddress: localhost:56562}, javascriptEnabled: true, networkConnectionEnabled: false, pageLoadStrategy: normal, platform: WINDOWS, platformName: WINDOWS, proxy: Proxy(), setWindowRect: true, strictFileInteractability: false, timeouts: {implicit: 0, pageLoad: 300000, script: 30000}, unhandledPromptBehavior: dismiss and notify, webauthn:extension:largeBlob: true, webauthn:virtualAuthenticators: true}
Session ID: 6453ec173237c4ea65cf8b8123efc442
*** Element info: {Using=xpath, value=//td//marquee[text()=&apos;Welcome To Manager&apos;s Page of Guru99 Bank&apos;]}
	at sun.reflect.NativeConstructorAccessorImpl.newInstance0(Native Method)
	at sun.reflect.NativeConstructorAccessorImpl.newInstance(Unknown Source)
	at sun.reflect.DelegatingConstructorAccessorImpl.newInstance(Unknown Source)
	at java.lang.reflect.Constructor.newInstance(Unknown Source)
	at org.openqa.selenium.remote.http.W3CHttpResponseCodec.createException(W3CHttpResponseCodec.java:187)
	at org.openqa.selenium.remote.http.W3CHttpResponseCodec.decode(W3CHttpResponseCodec.java:122)
	at org.openqa.selenium.remote.http.W3CHttpResponseCodec.decode(W3CHttpResponseCodec.java:49)
	at org.openqa.selenium.remote.HttpCommandExecutor.execute(HttpCommandExecutor.java:158)
	at org.openqa.selenium.remote.service.DriverCommandExecutor.execute(DriverCommandExecutor.java:83)
	at org.openqa.selenium.remote.RemoteWebDriver.execute(RemoteWebDriver.java:552)
	at org.openqa.selenium.remote.RemoteWebDriver.findElement(RemoteWebDriver.java:323)
	at org.openqa.selenium.remote.RemoteWebDriver.findElementByXPath(RemoteWebDriver.java:428)
	at org.openqa.selenium.By$ByXPath.findElement(By.java:353)
	at org.openqa.selenium.remote.RemoteWebDriver.findElement(RemoteWebDriver.java:315)
	at sun.reflect.NativeMethodAccessorImpl.invoke0(Native Method)
	at sun.reflect.NativeMethodAccessorImpl.invoke(Unknown Source)
	at sun.reflect.DelegatingMethodAccessorImpl.invoke(Unknown Source)
	at java.lang.reflect.Method.invoke(Unknown Source)
	at org.openqa.selenium.support.events.EventFiringWebDriver.lambda$new$1(EventFiringWebDriver.java:105)
	at com.sun.proxy.$Proxy6.findElement(Unknown Source)
	at org.openqa.selenium.support.events.EventFiringWebDriver.findElement(EventFiringWebDriver.java:194)
	at org.openqa.selenium.support.pagefactory.DefaultElementLocator.findElement(DefaultElementLocator.java:69)
	at org.openqa.selenium.support.pagefactory.internal.LocatingElementHandler.invoke(LocatingElementHandler.java:38)
	at com.sun.proxy.$Proxy10.isDisplayed(Unknown Source)
	at com.qa.pages.Manager.VerifyUserName(Manager.java:88)
	at com.qa.test.ManagerTest.VerifyCuurentUserName(ManagerTest.java:56)
</failure>
    <system-out>Before navigating to: &apos;https://demo.guru99.com/v4/&apos;
Navigated to:&apos;https://demo.guru99.com/v4/&apos;
Trying to find Element By : By.xpath: //input[@name=&apos;uid&apos;]
Found Element By : By.xpath: //input[@name=&apos;uid&apos;]
Trying to find Element By : By.xpath: //input[@name=&apos;password&apos;]
Found Element By : By.xpath: //input[@name=&apos;password&apos;]
Trying to find Element By : By.name: btnLogin
Found Element By : By.name: btnLogin
Trying to click on: [[ChromeDriver: chrome on WINDOWS (6453ec173237c4ea65cf8b8123efc442)] -&gt; name: btnLogin]
Clicked on: [[ChromeDriver: chrome on WINDOWS (6453ec173237c4ea65cf8b8123efc442)] -&gt; name: btnLogin]
Trying to find Element By : By.xpath: //td[text()=&apos;Manger Id : mngr338473&apos;]
Found Element By : By.xpath: //td[text()=&apos;Manger Id : mngr338473&apos;]
Trying to find Element By : By.xpath: //td//marquee[text()=&apos;Welcome To Manager&apos;s Page of Guru99 Bank&apos;]
Exception occured: org.openqa.selenium.InvalidSelectorException: invalid selector: Unable to locate an element with the xpath expression //td//marquee[text()=&apos;Welcome To Manager&apos;s Page of Guru99 Bank&apos;] because of the following error:
SyntaxError: Failed to execute &apos;evaluate&apos; on &apos;Document&apos;: The string &apos;//td//marquee[text()=&apos;Welcome To Manager&apos;s Page of Guru99 Bank&apos;]&apos; is not a valid XPath expression.
  (Session info: chrome=91.0.4472.114)
For documentation on this error, please visit: http://seleniumhq.org/exceptions/invalid_selector_exception.html
Build info: version: &apos;3.141.0&apos;, revision: &apos;2ecb7d9a&apos;, time: &apos;2018-10-31T20:09:30&apos;
System info: host: &apos;PC-PC&apos;, ip: &apos;192.168.106.1&apos;, os.name: &apos;Windows 7&apos;, os.arch: &apos;amd64&apos;, os.version: &apos;6.1&apos;, java.version: &apos;1.8.0_161&apos;
Driver info: org.openqa.selenium.chrome.ChromeDriver
Capabilities {acceptInsecureCerts: true, browserName: chrome, browserVersion: 91.0.4472.114, chrome: {chromedriverVersion: 91.0.4472.101 (af52a90bf870..., userDataDir: C:\Users\pc\AppData\Local\T...}, goog:chromeOptions: {debuggerAddress: localhost:56562}, javascriptEnabled: true, networkConnectionEnabled: false, pageLoadStrategy: normal, platform: WINDOWS, platformName: WINDOWS, proxy: Proxy(), setWindowRect: true, strictFileInteractability: false, timeouts: {implicit: 0, pageLoad: 300000, script: 30000}, unhandledPromptBehavior: dismiss and notify, webauthn:extension:largeBlob: true, webauthn:virtualAuthenticators: true}
Session ID: 6453ec173237c4ea65cf8b8123efc442
*** Element info: {Using=xpath, value=//td//marquee[text()=&apos;Welcome To Manager&apos;s Page of Guru99 Bank&apos;]}
</system-out>
    <system-err>Starting ChromeDriver 91.0.4472.101 (af52a90bf87030dd1523486a1cd3ae25c5d76c9b-refs/branch-heads/4472@{#1462}) on port 43694
Only local connections are allowed.
Please see https://chromedriver.chromium.org/security-considerations for suggestions on keeping ChromeDriver safe.
ChromeDriver was started successfully.
Jul 06, 2021 1:39:07 PM org.openqa.selenium.remote.ProtocolHandshake createSession
INFO: Detected dialect: W3C
</system-err>
  </testcase>
  <testcase classname="com.qa.test.ManagerTest" name="VerifyContactsLink" time="1.563"/>
  <testcase classname="com.qa.test.CustomerTest" name="CreateNewContact" time="5.482">
    <failure message="unexpected alert open: {Alert text : Email Address Already Exist !!}
  (Session info: chrome=91.0.4472.114): Email Address Already Exist !!
Build info: version: &apos;3.141.0&apos;, revision: &apos;2ecb7d9a&apos;, time: &apos;2018-10-31T20:09:30&apos;
System info: host: &apos;PC-PC&apos;, ip: &apos;192.168.106.1&apos;, os.name: &apos;Windows 7&apos;, os.arch: &apos;amd64&apos;, os.version: &apos;6.1&apos;, java.version: &apos;1.8.0_161&apos;
Driver info: org.openqa.selenium.chrome.ChromeDriver
Capabilities {acceptInsecureCerts: true, browserName: chrome, browserVersion: 91.0.4472.114, chrome: {chromedriverVersion: 91.0.4472.101 (af52a90bf870..., userDataDir: C:\Users\pc\AppData\Local\T...}, goog:chromeOptions: {debuggerAddress: localhost:55653}, javascriptEnabled: true, networkConnectionEnabled: false, pageLoadStrategy: normal, platform: WINDOWS, platformName: WINDOWS, proxy: Proxy(), setWindowRect: true, strictFileInteractability: false, timeouts: {implicit: 0, pageLoad: 300000, script: 30000}, unhandledPromptBehavior: dismiss and notify, webauthn:extension:largeBlob: true, webauthn:virtualAuthenticators: true}
Session ID: c74bc34b6f19661027e24aa4deb5563e
*** Element info: {Using=xpath, value=//p[text()=&apos;Customer Registered Successfully!!!&apos;]}" type="org.openqa.selenium.UnhandledAlertException">org.openqa.selenium.UnhandledAlertException: unexpected alert open: {Alert text : Email Address Already Exist !!}
  (Session info: chrome=91.0.4472.114): Email Address Already Exist !!
Build info: version: &apos;3.141.0&apos;, revision: &apos;2ecb7d9a&apos;, time: &apos;2018-10-31T20:09:30&apos;
System info: host: &apos;PC-PC&apos;, ip: &apos;192.168.106.1&apos;, os.name: &apos;Windows 7&apos;, os.arch: &apos;amd64&apos;, os.version: &apos;6.1&apos;, java.version: &apos;1.8.0_161&apos;
Driver info: org.openqa.selenium.chrome.ChromeDriver
Capabilities {acceptInsecureCerts: true, browserName: chrome, browserVersion: 91.0.4472.114, chrome: {chromedriverVersion: 91.0.4472.101 (af52a90bf870..., userDataDir: C:\Users\pc\AppData\Local\T...}, goog:chromeOptions: {debuggerAddress: localhost:55653}, javascriptEnabled: true, networkConnectionEnabled: false, pageLoadStrategy: normal, platform: WINDOWS, platformName: WINDOWS, proxy: Proxy(), setWindowRect: true, strictFileInteractability: false, timeouts: {implicit: 0, pageLoad: 300000, script: 30000}, unhandledPromptBehavior: dismiss and notify, webauthn:extension:largeBlob: true, webauthn:virtualAuthenticators: true}
Session ID: c74bc34b6f19661027e24aa4deb5563e
*** Element info: {Using=xpath, value=//p[text()=&apos;Customer Registered Successfully!!!&apos;]}
	at org.openqa.selenium.remote.http.W3CHttpResponseCodec.decode(W3CHttpResponseCodec.java:120)
	at org.openqa.selenium.remote.http.W3CHttpResponseCodec.decode(W3CHttpResponseCodec.java:49)
	at org.openqa.selenium.remote.HttpCommandExecutor.execute(HttpCommandExecutor.java:158)
	at org.openqa.selenium.remote.service.DriverCommandExecutor.execute(DriverCommandExecutor.java:83)
	at org.openqa.selenium.remote.RemoteWebDriver.execute(RemoteWebDriver.java:552)
	at org.openqa.selenium.remote.RemoteWebDriver.findElement(RemoteWebDriver.java:323)
	at org.openqa.selenium.remote.RemoteWebDriver.findElementByXPath(RemoteWebDriver.java:428)
	at org.openqa.selenium.By$ByXPath.findElement(By.java:353)
	at org.openqa.selenium.remote.RemoteWebDriver.findElement(RemoteWebDriver.java:315)
	at sun.reflect.GeneratedMethodAccessor3.invoke(Unknown Source)
	at sun.reflect.DelegatingMethodAccessorImpl.invoke(Unknown Source)
	at java.lang.reflect.Method.invoke(Unknown Source)
	at org.openqa.selenium.support.events.EventFiringWebDriver.lambda$new$1(EventFiringWebDriver.java:105)
	at com.sun.proxy.$Proxy6.findElement(Unknown Source)
	at org.openqa.selenium.support.events.EventFiringWebDriver.findElement(EventFiringWebDriver.java:194)
	at org.openqa.selenium.support.pagefactory.DefaultElementLocator.findElement(DefaultElementLocator.java:69)
	at org.openqa.selenium.support.pagefactory.internal.LocatingElementHandler.invoke(LocatingElementHandler.java:38)
	at com.sun.proxy.$Proxy10.isDisplayed(Unknown Source)
	at com.qa.pages.Customer.CustomerSucessfullyRegiseted(Customer.java:120)
	at com.qa.test.CustomerTest.CreateNewContact(CustomerTest.java:70)
</failure>
    <system-out>4
9
ashi

12/12/1982

10 sindhi

kota

Raj

324007

8390999693

aashakota27@gmail.com

134

matr

12/02/1988

10 shyu

kota

Raj

324007

83909999

aashakota88@gmail.com

2344

koi

12/02/1990

10 shyu

kota

Raj

324007

83909999

aashakota49@gmail.com

2344

knim

12/02/1981

10 shyu

kota

Raj

324007

83909999

aashakota99@gmail.com

2344

Before navigating to: &apos;https://demo.guru99.com/v4/&apos;
Navigated to:&apos;https://demo.guru99.com/v4/&apos;
Trying to find Element By : By.xpath: //input[@name=&apos;uid&apos;]
Found Element By : By.xpath: //input[@name=&apos;uid&apos;]
Trying to find Element By : By.xpath: //input[@name=&apos;password&apos;]
Found Element By : By.xpath: //input[@name=&apos;password&apos;]
Trying to find Element By : By.name: btnLogin
Found Element By : By.name: btnLogin
Trying to click on: [[ChromeDriver: chrome on WINDOWS (c74bc34b6f19661027e24aa4deb5563e)] -&gt; name: btnLogin]
Clicked on: [[ChromeDriver: chrome on WINDOWS (c74bc34b6f19661027e24aa4deb5563e)] -&gt; name: btnLogin]
Trying to find Element By : By.xpath: //a[text()=&apos;New Customer&apos;]
Found Element By : By.xpath: //a[text()=&apos;New Customer&apos;]
Trying to click on: [[ChromeDriver: chrome on WINDOWS (c74bc34b6f19661027e24aa4deb5563e)] -&gt; xpath: //a[text()=&apos;New Customer&apos;]]
Clicked on: [[ChromeDriver: chrome on WINDOWS (c74bc34b6f19661027e24aa4deb5563e)] -&gt; xpath: //a[text()=&apos;New Customer&apos;]]
Trying to find Element By : By.xpath: //input[@name=&apos;name&apos;]
Found Element By : By.xpath: //input[@name=&apos;name&apos;]
Trying to find Element By : By.xpath: //input[@value=&apos;f&apos;]
Found Element By : By.xpath: //input[@value=&apos;f&apos;]
Trying to click on: [[ChromeDriver: chrome on WINDOWS (c74bc34b6f19661027e24aa4deb5563e)] -&gt; xpath: //input[@value=&apos;f&apos;]]
Clicked on: [[ChromeDriver: chrome on WINDOWS (c74bc34b6f19661027e24aa4deb5563e)] -&gt; xpath: //input[@value=&apos;f&apos;]]
Trying to find Element By : By.xpath: //input[@name=&apos;dob&apos;]
Found Element By : By.xpath: //input[@name=&apos;dob&apos;]
Trying to find Element By : By.xpath: //textarea[@name=&apos;addr&apos;]
Found Element By : By.xpath: //textarea[@name=&apos;addr&apos;]
Trying to find Element By : By.xpath: //input[@name=&apos;city&apos;]
Found Element By : By.xpath: //input[@name=&apos;city&apos;]
Trying to find Element By : By.xpath: //input[@name=&apos;state&apos;]
Found Element By : By.xpath: //input[@name=&apos;state&apos;]
Trying to find Element By : By.xpath: //input[@name=&apos;pinno&apos;]
Found Element By : By.xpath: //input[@name=&apos;pinno&apos;]
Trying to find Element By : By.xpath: //input[@name=&apos;telephoneno&apos;]
Found Element By : By.xpath: //input[@name=&apos;telephoneno&apos;]
Trying to find Element By : By.xpath: //input[@name=&apos;emailid&apos;]
Found Element By : By.xpath: //input[@name=&apos;emailid&apos;]
Trying to find Element By : By.xpath: //input[@name=&apos;password&apos;]
Found Element By : By.xpath: //input[@name=&apos;password&apos;]
Trying to find Element By : By.xpath: //input[@name=&apos;sub&apos;]
Found Element By : By.xpath: //input[@name=&apos;sub&apos;]
Trying to click on: [[ChromeDriver: chrome on WINDOWS (c74bc34b6f19661027e24aa4deb5563e)] -&gt; xpath: //input[@name=&apos;sub&apos;]]
Clicked on: [[ChromeDriver: chrome on WINDOWS (c74bc34b6f19661027e24aa4deb5563e)] -&gt; xpath: //input[@name=&apos;sub&apos;]]
Trying to find Element By : By.xpath: //p[text()=&apos;Customer Registered Successfully!!!&apos;]
Exception occured: org.openqa.selenium.UnhandledAlertException: unexpected alert open: {Alert text : Email Address Already Exist !!}
  (Session info: chrome=91.0.4472.114): Email Address Already Exist !!
Build info: version: &apos;3.141.0&apos;, revision: &apos;2ecb7d9a&apos;, time: &apos;2018-10-31T20:09:30&apos;
System info: host: &apos;PC-PC&apos;, ip: &apos;192.168.106.1&apos;, os.name: &apos;Windows 7&apos;, os.arch: &apos;amd64&apos;, os.version: &apos;6.1&apos;, java.version: &apos;1.8.0_161&apos;
Driver info: org.openqa.selenium.chrome.ChromeDriver
Capabilities {acceptInsecureCerts: true, browserName: chrome, browserVersion: 91.0.4472.114, chrome: {chromedriverVersion: 91.0.4472.101 (af52a90bf870..., userDataDir: C:\Users\pc\AppData\Local\T...}, goog:chromeOptions: {debuggerAddress: localhost:55653}, javascriptEnabled: true, networkConnectionEnabled: false, pageLoadStrategy: normal, platform: WINDOWS, platformName: WINDOWS, proxy: Proxy(), setWindowRect: true, strictFileInteractability: false, timeouts: {implicit: 0, pageLoad: 300000, script: 30000}, unhandledPromptBehavior: dismiss and notify, webauthn:extension:largeBlob: true, webauthn:virtualAuthenticators: true}
Session ID: c74bc34b6f19661027e24aa4deb5563e
*** Element info: {Using=xpath, value=//p[text()=&apos;Customer Registered Successfully!!!&apos;]}
</system-out>
    <system-err>Starting ChromeDriver 91.0.4472.101 (af52a90bf87030dd1523486a1cd3ae25c5d76c9b-refs/branch-heads/4472@{#1462}) on port 5802
Only local connections are allowed.
Please see https://chromedriver.chromium.org/security-considerations for suggestions on keeping ChromeDriver safe.
ChromeDriver was started successfully.
Jul 06, 2021 1:39:59 PM org.openqa.selenium.remote.ProtocolHandshake createSession
INFO: Detected dialect: W3C
</system-err>
  </testcase>
  <testcase classname="com.qa.test.CustomerTest" name="CreateNewContact" time="5.422">
    <failure message="unexpected alert open: {Alert text : Email Address Already Exist !!}
  (Session info: chrome=91.0.4472.114): Email Address Already Exist !!
Build info: version: &apos;3.141.0&apos;, revision: &apos;2ecb7d9a&apos;, time: &apos;2018-10-31T20:09:30&apos;
System info: host: &apos;PC-PC&apos;, ip: &apos;192.168.106.1&apos;, os.name: &apos;Windows 7&apos;, os.arch: &apos;amd64&apos;, os.version: &apos;6.1&apos;, java.version: &apos;1.8.0_161&apos;
Driver info: org.openqa.selenium.chrome.ChromeDriver
Capabilities {acceptInsecureCerts: true, browserName: chrome, browserVersion: 91.0.4472.114, chrome: {chromedriverVersion: 91.0.4472.101 (af52a90bf870..., userDataDir: C:\Users\pc\AppData\Local\T...}, goog:chromeOptions: {debuggerAddress: localhost:51895}, javascriptEnabled: true, networkConnectionEnabled: false, pageLoadStrategy: normal, platform: WINDOWS, platformName: WINDOWS, proxy: Proxy(), setWindowRect: true, strictFileInteractability: false, timeouts: {implicit: 0, pageLoad: 300000, script: 30000}, unhandledPromptBehavior: dismiss and notify, webauthn:extension:largeBlob: true, webauthn:virtualAuthenticators: true}
Session ID: 43e74193ebbdfcad10a4c5369453292c
*** Element info: {Using=xpath, value=//p[text()=&apos;Customer Registered Successfully!!!&apos;]}" type="org.openqa.selenium.UnhandledAlertException">org.openqa.selenium.UnhandledAlertException: unexpected alert open: {Alert text : Email Address Already Exist !!}
  (Session info: chrome=91.0.4472.114): Email Address Already Exist !!
Build info: version: &apos;3.141.0&apos;, revision: &apos;2ecb7d9a&apos;, time: &apos;2018-10-31T20:09:30&apos;
System info: host: &apos;PC-PC&apos;, ip: &apos;192.168.106.1&apos;, os.name: &apos;Windows 7&apos;, os.arch: &apos;amd64&apos;, os.version: &apos;6.1&apos;, java.version: &apos;1.8.0_161&apos;
Driver info: org.openqa.selenium.chrome.ChromeDriver
Capabilities {acceptInsecureCerts: true, browserName: chrome, browserVersion: 91.0.4472.114, chrome: {chromedriverVersion: 91.0.4472.101 (af52a90bf870..., userDataDir: C:\Users\pc\AppData\Local\T...}, goog:chromeOptions: {debuggerAddress: localhost:51895}, javascriptEnabled: true, networkConnectionEnabled: false, pageLoadStrategy: normal, platform: WINDOWS, platformName: WINDOWS, proxy: Proxy(), setWindowRect: true, strictFileInteractability: false, timeouts: {implicit: 0, pageLoad: 300000, script: 30000}, unhandledPromptBehavior: dismiss and notify, webauthn:extension:largeBlob: true, webauthn:virtualAuthenticators: true}
Session ID: 43e74193ebbdfcad10a4c5369453292c
*** Element info: {Using=xpath, value=//p[text()=&apos;Customer Registered Successfully!!!&apos;]}
	at org.openqa.selenium.remote.http.W3CHttpResponseCodec.decode(W3CHttpResponseCodec.java:120)
	at org.openqa.selenium.remote.http.W3CHttpResponseCodec.decode(W3CHttpResponseCodec.java:49)
	at org.openqa.selenium.remote.HttpCommandExecutor.execute(HttpCommandExecutor.java:158)
	at org.openqa.selenium.remote.service.DriverCommandExecutor.execute(DriverCommandExecutor.java:83)
	at org.openqa.selenium.remote.RemoteWebDriver.execute(RemoteWebDriver.java:552)
	at org.openqa.selenium.remote.RemoteWebDriver.findElement(RemoteWebDriver.java:323)
	at org.openqa.selenium.remote.RemoteWebDriver.findElementByXPath(RemoteWebDriver.java:428)
	at org.openqa.selenium.By$ByXPath.findElement(By.java:353)
	at org.openqa.selenium.remote.RemoteWebDriver.findElement(RemoteWebDriver.java:315)
	at sun.reflect.GeneratedMethodAccessor3.invoke(Unknown Source)
	at sun.reflect.DelegatingMethodAccessorImpl.invoke(Unknown Source)
	at java.lang.reflect.Method.invoke(Unknown Source)
	at org.openqa.selenium.support.events.EventFiringWebDriver.lambda$new$1(EventFiringWebDriver.java:105)
	at com.sun.proxy.$Proxy6.findElement(Unknown Source)
	at org.openqa.selenium.support.events.EventFiringWebDriver.findElement(EventFiringWebDriver.java:194)
	at org.openqa.selenium.support.pagefactory.DefaultElementLocator.findElement(DefaultElementLocator.java:69)
	at org.openqa.selenium.support.pagefactory.internal.LocatingElementHandler.invoke(LocatingElementHandler.java:38)
	at com.sun.proxy.$Proxy10.isDisplayed(Unknown Source)
	at com.qa.pages.Customer.CustomerSucessfullyRegiseted(Customer.java:120)
	at com.qa.test.CustomerTest.CreateNewContact(CustomerTest.java:70)
</failure>
    <system-out>Before navigating to: &apos;https://demo.guru99.com/v4/&apos;
Navigated to:&apos;https://demo.guru99.com/v4/&apos;
Trying to find Element By : By.xpath: //input[@name=&apos;uid&apos;]
Found Element By : By.xpath: //input[@name=&apos;uid&apos;]
Trying to find Element By : By.xpath: //input[@name=&apos;password&apos;]
Found Element By : By.xpath: //input[@name=&apos;password&apos;]
Trying to find Element By : By.name: btnLogin
Found Element By : By.name: btnLogin
Trying to click on: [[ChromeDriver: chrome on WINDOWS (43e74193ebbdfcad10a4c5369453292c)] -&gt; name: btnLogin]
Clicked on: [[ChromeDriver: chrome on WINDOWS (43e74193ebbdfcad10a4c5369453292c)] -&gt; name: btnLogin]
Trying to find Element By : By.xpath: //a[text()=&apos;New Customer&apos;]
Found Element By : By.xpath: //a[text()=&apos;New Customer&apos;]
Trying to click on: [[ChromeDriver: chrome on WINDOWS (43e74193ebbdfcad10a4c5369453292c)] -&gt; xpath: //a[text()=&apos;New Customer&apos;]]
Clicked on: [[ChromeDriver: chrome on WINDOWS (43e74193ebbdfcad10a4c5369453292c)] -&gt; xpath: //a[text()=&apos;New Customer&apos;]]
Trying to find Element By : By.xpath: //input[@name=&apos;name&apos;]
Found Element By : By.xpath: //input[@name=&apos;name&apos;]
Trying to find Element By : By.xpath: //input[@value=&apos;f&apos;]
Found Element By : By.xpath: //input[@value=&apos;f&apos;]
Trying to click on: [[ChromeDriver: chrome on WINDOWS (43e74193ebbdfcad10a4c5369453292c)] -&gt; xpath: //input[@value=&apos;f&apos;]]
Clicked on: [[ChromeDriver: chrome on WINDOWS (43e74193ebbdfcad10a4c5369453292c)] -&gt; xpath: //input[@value=&apos;f&apos;]]
Trying to find Element By : By.xpath: //input[@name=&apos;dob&apos;]
Found Element By : By.xpath: //input[@name=&apos;dob&apos;]
Trying to find Element By : By.xpath: //textarea[@name=&apos;addr&apos;]
Found Element By : By.xpath: //textarea[@name=&apos;addr&apos;]
Trying to find Element By : By.xpath: //input[@name=&apos;city&apos;]
Found Element By : By.xpath: //input[@name=&apos;city&apos;]
Trying to find Element By : By.xpath: //input[@name=&apos;state&apos;]
Found Element By : By.xpath: //input[@name=&apos;state&apos;]
Trying to find Element By : By.xpath: //input[@name=&apos;pinno&apos;]
Found Element By : By.xpath: //input[@name=&apos;pinno&apos;]
Trying to find Element By : By.xpath: //input[@name=&apos;telephoneno&apos;]
Found Element By : By.xpath: //input[@name=&apos;telephoneno&apos;]
Trying to find Element By : By.xpath: //input[@name=&apos;emailid&apos;]
Found Element By : By.xpath: //input[@name=&apos;emailid&apos;]
Trying to find Element By : By.xpath: //input[@name=&apos;password&apos;]
Found Element By : By.xpath: //input[@name=&apos;password&apos;]
Trying to find Element By : By.xpath: //input[@name=&apos;sub&apos;]
Found Element By : By.xpath: //input[@name=&apos;sub&apos;]
Trying to click on: [[ChromeDriver: chrome on WINDOWS (43e74193ebbdfcad10a4c5369453292c)] -&gt; xpath: //input[@name=&apos;sub&apos;]]
Clicked on: [[ChromeDriver: chrome on WINDOWS (43e74193ebbdfcad10a4c5369453292c)] -&gt; xpath: //input[@name=&apos;sub&apos;]]
Trying to find Element By : By.xpath: //p[text()=&apos;Customer Registered Successfully!!!&apos;]
Exception occured: org.openqa.selenium.UnhandledAlertException: unexpected alert open: {Alert text : Email Address Already Exist !!}
  (Session info: chrome=91.0.4472.114): Email Address Already Exist !!
Build info: version: &apos;3.141.0&apos;, revision: &apos;2ecb7d9a&apos;, time: &apos;2018-10-31T20:09:30&apos;
System info: host: &apos;PC-PC&apos;, ip: &apos;192.168.106.1&apos;, os.name: &apos;Windows 7&apos;, os.arch: &apos;amd64&apos;, os.version: &apos;6.1&apos;, java.version: &apos;1.8.0_161&apos;
Driver info: org.openqa.selenium.chrome.ChromeDriver
Capabilities {acceptInsecureCerts: true, browserName: chrome, browserVersion: 91.0.4472.114, chrome: {chromedriverVersion: 91.0.4472.101 (af52a90bf870..., userDataDir: C:\Users\pc\AppData\Local\T...}, goog:chromeOptions: {debuggerAddress: localhost:51895}, javascriptEnabled: true, networkConnectionEnabled: false, pageLoadStrategy: normal, platform: WINDOWS, platformName: WINDOWS, proxy: Proxy(), setWindowRect: true, strictFileInteractability: false, timeouts: {implicit: 0, pageLoad: 300000, script: 30000}, unhandledPromptBehavior: dismiss and notify, webauthn:extension:largeBlob: true, webauthn:virtualAuthenticators: true}
Session ID: 43e74193ebbdfcad10a4c5369453292c
*** Element info: {Using=xpath, value=//p[text()=&apos;Customer Registered Successfully!!!&apos;]}
</system-out>
    <system-err>Starting ChromeDriver 91.0.4472.101 (af52a90bf87030dd1523486a1cd3ae25c5d76c9b-refs/branch-heads/4472@{#1462}) on port 35249
Only local connections are allowed.
Please see https://chromedriver.chromium.org/security-considerations for suggestions on keeping ChromeDriver safe.
ChromeDriver was started successfully.
Jul 06, 2021 1:40:21 PM org.openqa.selenium.remote.ProtocolHandshake createSession
INFO: Detected dialect: W3C
</system-err>
  </testcase>
  <testcase classname="com.qa.test.CustomerTest" name="CreateNewContact" time="3.981">
    <failure message="unexpected alert open: {Alert text : Email Address Already Exist !!}
  (Session info: chrome=91.0.4472.114): Email Address Already Exist !!
Build info: version: &apos;3.141.0&apos;, revision: &apos;2ecb7d9a&apos;, time: &apos;2018-10-31T20:09:30&apos;
System info: host: &apos;PC-PC&apos;, ip: &apos;192.168.106.1&apos;, os.name: &apos;Windows 7&apos;, os.arch: &apos;amd64&apos;, os.version: &apos;6.1&apos;, java.version: &apos;1.8.0_161&apos;
Driver info: org.openqa.selenium.chrome.ChromeDriver
Capabilities {acceptInsecureCerts: true, browserName: chrome, browserVersion: 91.0.4472.114, chrome: {chromedriverVersion: 91.0.4472.101 (af52a90bf870..., userDataDir: C:\Users\pc\AppData\Local\T...}, goog:chromeOptions: {debuggerAddress: localhost:49211}, javascriptEnabled: true, networkConnectionEnabled: false, pageLoadStrategy: normal, platform: WINDOWS, platformName: WINDOWS, proxy: Proxy(), setWindowRect: true, strictFileInteractability: false, timeouts: {implicit: 0, pageLoad: 300000, script: 30000}, unhandledPromptBehavior: dismiss and notify, webauthn:extension:largeBlob: true, webauthn:virtualAuthenticators: true}
Session ID: 791ce7c39072fd256644a482b0a5dfc3
*** Element info: {Using=xpath, value=//p[text()=&apos;Customer Registered Successfully!!!&apos;]}" type="org.openqa.selenium.UnhandledAlertException">org.openqa.selenium.UnhandledAlertException: unexpected alert open: {Alert text : Email Address Already Exist !!}
  (Session info: chrome=91.0.4472.114): Email Address Already Exist !!
Build info: version: &apos;3.141.0&apos;, revision: &apos;2ecb7d9a&apos;, time: &apos;2018-10-31T20:09:30&apos;
System info: host: &apos;PC-PC&apos;, ip: &apos;192.168.106.1&apos;, os.name: &apos;Windows 7&apos;, os.arch: &apos;amd64&apos;, os.version: &apos;6.1&apos;, java.version: &apos;1.8.0_161&apos;
Driver info: org.openqa.selenium.chrome.ChromeDriver
Capabilities {acceptInsecureCerts: true, browserName: chrome, browserVersion: 91.0.4472.114, chrome: {chromedriverVersion: 91.0.4472.101 (af52a90bf870..., userDataDir: C:\Users\pc\AppData\Local\T...}, goog:chromeOptions: {debuggerAddress: localhost:49211}, javascriptEnabled: true, networkConnectionEnabled: false, pageLoadStrategy: normal, platform: WINDOWS, platformName: WINDOWS, proxy: Proxy(), setWindowRect: true, strictFileInteractability: false, timeouts: {implicit: 0, pageLoad: 300000, script: 30000}, unhandledPromptBehavior: dismiss and notify, webauthn:extension:largeBlob: true, webauthn:virtualAuthenticators: true}
Session ID: 791ce7c39072fd256644a482b0a5dfc3
*** Element info: {Using=xpath, value=//p[text()=&apos;Customer Registered Successfully!!!&apos;]}
	at org.openqa.selenium.remote.http.W3CHttpResponseCodec.decode(W3CHttpResponseCodec.java:120)
	at org.openqa.selenium.remote.http.W3CHttpResponseCodec.decode(W3CHttpResponseCodec.java:49)
	at org.openqa.selenium.remote.HttpCommandExecutor.execute(HttpCommandExecutor.java:158)
	at org.openqa.selenium.remote.service.DriverCommandExecutor.execute(DriverCommandExecutor.java:83)
	at org.openqa.selenium.remote.RemoteWebDriver.execute(RemoteWebDriver.java:552)
	at org.openqa.selenium.remote.RemoteWebDriver.findElement(RemoteWebDriver.java:323)
	at org.openqa.selenium.remote.RemoteWebDriver.findElementByXPath(RemoteWebDriver.java:428)
	at org.openqa.selenium.By$ByXPath.findElement(By.java:353)
	at org.openqa.selenium.remote.RemoteWebDriver.findElement(RemoteWebDriver.java:315)
	at sun.reflect.GeneratedMethodAccessor3.invoke(Unknown Source)
	at sun.reflect.DelegatingMethodAccessorImpl.invoke(Unknown Source)
	at java.lang.reflect.Method.invoke(Unknown Source)
	at org.openqa.selenium.support.events.EventFiringWebDriver.lambda$new$1(EventFiringWebDriver.java:105)
	at com.sun.proxy.$Proxy6.findElement(Unknown Source)
	at org.openqa.selenium.support.events.EventFiringWebDriver.findElement(EventFiringWebDriver.java:194)
	at org.openqa.selenium.support.pagefactory.DefaultElementLocator.findElement(DefaultElementLocator.java:69)
	at org.openqa.selenium.support.pagefactory.internal.LocatingElementHandler.invoke(LocatingElementHandler.java:38)
	at com.sun.proxy.$Proxy10.isDisplayed(Unknown Source)
	at com.qa.pages.Customer.CustomerSucessfullyRegiseted(Customer.java:120)
	at com.qa.test.CustomerTest.CreateNewContact(CustomerTest.java:70)
</failure>
    <system-out>Before navigating to: &apos;https://demo.guru99.com/v4/&apos;
Navigated to:&apos;https://demo.guru99.com/v4/&apos;
Trying to find Element By : By.xpath: //input[@name=&apos;uid&apos;]
Found Element By : By.xpath: //input[@name=&apos;uid&apos;]
Trying to find Element By : By.xpath: //input[@name=&apos;password&apos;]
Found Element By : By.xpath: //input[@name=&apos;password&apos;]
Trying to find Element By : By.name: btnLogin
Found Element By : By.name: btnLogin
Trying to click on: [[ChromeDriver: chrome on WINDOWS (791ce7c39072fd256644a482b0a5dfc3)] -&gt; name: btnLogin]
Clicked on: [[ChromeDriver: chrome on WINDOWS (791ce7c39072fd256644a482b0a5dfc3)] -&gt; name: btnLogin]
Trying to find Element By : By.xpath: //a[text()=&apos;New Customer&apos;]
Found Element By : By.xpath: //a[text()=&apos;New Customer&apos;]
Trying to click on: [[ChromeDriver: chrome on WINDOWS (791ce7c39072fd256644a482b0a5dfc3)] -&gt; xpath: //a[text()=&apos;New Customer&apos;]]
Clicked on: [[ChromeDriver: chrome on WINDOWS (791ce7c39072fd256644a482b0a5dfc3)] -&gt; xpath: //a[text()=&apos;New Customer&apos;]]
Trying to find Element By : By.xpath: //input[@name=&apos;name&apos;]
Found Element By : By.xpath: //input[@name=&apos;name&apos;]
Trying to find Element By : By.xpath: //input[@value=&apos;f&apos;]
Found Element By : By.xpath: //input[@value=&apos;f&apos;]
Trying to click on: [[ChromeDriver: chrome on WINDOWS (791ce7c39072fd256644a482b0a5dfc3)] -&gt; xpath: //input[@value=&apos;f&apos;]]
Clicked on: [[ChromeDriver: chrome on WINDOWS (791ce7c39072fd256644a482b0a5dfc3)] -&gt; xpath: //input[@value=&apos;f&apos;]]
Trying to find Element By : By.xpath: //input[@name=&apos;dob&apos;]
Found Element By : By.xpath: //input[@name=&apos;dob&apos;]
Trying to find Element By : By.xpath: //textarea[@name=&apos;addr&apos;]
Found Element By : By.xpath: //textarea[@name=&apos;addr&apos;]
Trying to find Element By : By.xpath: //input[@name=&apos;city&apos;]
Found Element By : By.xpath: //input[@name=&apos;city&apos;]
Trying to find Element By : By.xpath: //input[@name=&apos;state&apos;]
Found Element By : By.xpath: //input[@name=&apos;state&apos;]
Trying to find Element By : By.xpath: //input[@name=&apos;pinno&apos;]
Found Element By : By.xpath: //input[@name=&apos;pinno&apos;]
Trying to find Element By : By.xpath: //input[@name=&apos;telephoneno&apos;]
Found Element By : By.xpath: //input[@name=&apos;telephoneno&apos;]
Trying to find Element By : By.xpath: //input[@name=&apos;emailid&apos;]
Found Element By : By.xpath: //input[@name=&apos;emailid&apos;]
Trying to find Element By : By.xpath: //input[@name=&apos;password&apos;]
Found Element By : By.xpath: //input[@name=&apos;password&apos;]
Trying to find Element By : By.xpath: //input[@name=&apos;sub&apos;]
Found Element By : By.xpath: //input[@name=&apos;sub&apos;]
Trying to click on: [[ChromeDriver: chrome on WINDOWS (791ce7c39072fd256644a482b0a5dfc3)] -&gt; xpath: //input[@name=&apos;sub&apos;]]
Clicked on: [[ChromeDriver: chrome on WINDOWS (791ce7c39072fd256644a482b0a5dfc3)] -&gt; xpath: //input[@name=&apos;sub&apos;]]
Trying to find Element By : By.xpath: //p[text()=&apos;Customer Registered Successfully!!!&apos;]
Exception occured: org.openqa.selenium.UnhandledAlertException: unexpected alert open: {Alert text : Email Address Already Exist !!}
  (Session info: chrome=91.0.4472.114): Email Address Already Exist !!
Build info: version: &apos;3.141.0&apos;, revision: &apos;2ecb7d9a&apos;, time: &apos;2018-10-31T20:09:30&apos;
System info: host: &apos;PC-PC&apos;, ip: &apos;192.168.106.1&apos;, os.name: &apos;Windows 7&apos;, os.arch: &apos;amd64&apos;, os.version: &apos;6.1&apos;, java.version: &apos;1.8.0_161&apos;
Driver info: org.openqa.selenium.chrome.ChromeDriver
Capabilities {acceptInsecureCerts: true, browserName: chrome, browserVersion: 91.0.4472.114, chrome: {chromedriverVersion: 91.0.4472.101 (af52a90bf870..., userDataDir: C:\Users\pc\AppData\Local\T...}, goog:chromeOptions: {debuggerAddress: localhost:49211}, javascriptEnabled: true, networkConnectionEnabled: false, pageLoadStrategy: normal, platform: WINDOWS, platformName: WINDOWS, proxy: Proxy(), setWindowRect: true, strictFileInteractability: false, timeouts: {implicit: 0, pageLoad: 300000, script: 30000}, unhandledPromptBehavior: dismiss and notify, webauthn:extension:largeBlob: true, webauthn:virtualAuthenticators: true}
Session ID: 791ce7c39072fd256644a482b0a5dfc3
*** Element info: {Using=xpath, value=//p[text()=&apos;Customer Registered Successfully!!!&apos;]}
</system-out>
    <system-err>Starting ChromeDriver 91.0.4472.101 (af52a90bf87030dd1523486a1cd3ae25c5d76c9b-refs/branch-heads/4472@{#1462}) on port 37383
Only local connections are allowed.
Please see https://chromedriver.chromium.org/security-considerations for suggestions on keeping ChromeDriver safe.
ChromeDriver was started successfully.
Jul 06, 2021 1:40:52 PM org.openqa.selenium.remote.ProtocolHandshake createSession
INFO: Detected dialect: W3C
</system-err>
  </testcase>
  <testcase classname="com.qa.test.CustomerTest" name="CreateNewContact" time="4.226">
    <failure message="unexpected alert open: {Alert text : Email Address Already Exist !!}
  (Session info: chrome=91.0.4472.114): Email Address Already Exist !!
Build info: version: &apos;3.141.0&apos;, revision: &apos;2ecb7d9a&apos;, time: &apos;2018-10-31T20:09:30&apos;
System info: host: &apos;PC-PC&apos;, ip: &apos;192.168.106.1&apos;, os.name: &apos;Windows 7&apos;, os.arch: &apos;amd64&apos;, os.version: &apos;6.1&apos;, java.version: &apos;1.8.0_161&apos;
Driver info: org.openqa.selenium.chrome.ChromeDriver
Capabilities {acceptInsecureCerts: true, browserName: chrome, browserVersion: 91.0.4472.114, chrome: {chromedriverVersion: 91.0.4472.101 (af52a90bf870..., userDataDir: C:\Users\pc\AppData\Local\T...}, goog:chromeOptions: {debuggerAddress: localhost:55735}, javascriptEnabled: true, networkConnectionEnabled: false, pageLoadStrategy: normal, platform: WINDOWS, platformName: WINDOWS, proxy: Proxy(), setWindowRect: true, strictFileInteractability: false, timeouts: {implicit: 0, pageLoad: 300000, script: 30000}, unhandledPromptBehavior: dismiss and notify, webauthn:extension:largeBlob: true, webauthn:virtualAuthenticators: true}
Session ID: 22bc94e252d4fd2e73b41fc8246d1114
*** Element info: {Using=xpath, value=//p[text()=&apos;Customer Registered Successfully!!!&apos;]}" type="org.openqa.selenium.UnhandledAlertException">org.openqa.selenium.UnhandledAlertException: unexpected alert open: {Alert text : Email Address Already Exist !!}
  (Session info: chrome=91.0.4472.114): Email Address Already Exist !!
Build info: version: &apos;3.141.0&apos;, revision: &apos;2ecb7d9a&apos;, time: &apos;2018-10-31T20:09:30&apos;
System info: host: &apos;PC-PC&apos;, ip: &apos;192.168.106.1&apos;, os.name: &apos;Windows 7&apos;, os.arch: &apos;amd64&apos;, os.version: &apos;6.1&apos;, java.version: &apos;1.8.0_161&apos;
Driver info: org.openqa.selenium.chrome.ChromeDriver
Capabilities {acceptInsecureCerts: true, browserName: chrome, browserVersion: 91.0.4472.114, chrome: {chromedriverVersion: 91.0.4472.101 (af52a90bf870..., userDataDir: C:\Users\pc\AppData\Local\T...}, goog:chromeOptions: {debuggerAddress: localhost:55735}, javascriptEnabled: true, networkConnectionEnabled: false, pageLoadStrategy: normal, platform: WINDOWS, platformName: WINDOWS, proxy: Proxy(), setWindowRect: true, strictFileInteractability: false, timeouts: {implicit: 0, pageLoad: 300000, script: 30000}, unhandledPromptBehavior: dismiss and notify, webauthn:extension:largeBlob: true, webauthn:virtualAuthenticators: true}
Session ID: 22bc94e252d4fd2e73b41fc8246d1114
*** Element info: {Using=xpath, value=//p[text()=&apos;Customer Registered Successfully!!!&apos;]}
	at org.openqa.selenium.remote.http.W3CHttpResponseCodec.decode(W3CHttpResponseCodec.java:120)
	at org.openqa.selenium.remote.http.W3CHttpResponseCodec.decode(W3CHttpResponseCodec.java:49)
	at org.openqa.selenium.remote.HttpCommandExecutor.execute(HttpCommandExecutor.java:158)
	at org.openqa.selenium.remote.service.DriverCommandExecutor.execute(DriverCommandExecutor.java:83)
	at org.openqa.selenium.remote.RemoteWebDriver.execute(RemoteWebDriver.java:552)
	at org.openqa.selenium.remote.RemoteWebDriver.findElement(RemoteWebDriver.java:323)
	at org.openqa.selenium.remote.RemoteWebDriver.findElementByXPath(RemoteWebDriver.java:428)
	at org.openqa.selenium.By$ByXPath.findElement(By.java:353)
	at org.openqa.selenium.remote.RemoteWebDriver.findElement(RemoteWebDriver.java:315)
	at sun.reflect.GeneratedMethodAccessor3.invoke(Unknown Source)
	at sun.reflect.DelegatingMethodAccessorImpl.invoke(Unknown Source)
	at java.lang.reflect.Method.invoke(Unknown Source)
	at org.openqa.selenium.support.events.EventFiringWebDriver.lambda$new$1(EventFiringWebDriver.java:105)
	at com.sun.proxy.$Proxy6.findElement(Unknown Source)
	at org.openqa.selenium.support.events.EventFiringWebDriver.findElement(EventFiringWebDriver.java:194)
	at org.openqa.selenium.support.pagefactory.DefaultElementLocator.findElement(DefaultElementLocator.java:69)
	at org.openqa.selenium.support.pagefactory.internal.LocatingElementHandler.invoke(LocatingElementHandler.java:38)
	at com.sun.proxy.$Proxy10.isDisplayed(Unknown Source)
	at com.qa.pages.Customer.CustomerSucessfullyRegiseted(Customer.java:120)
	at com.qa.test.CustomerTest.CreateNewContact(CustomerTest.java:70)
</failure>
    <system-out>Before navigating to: &apos;https://demo.guru99.com/v4/&apos;
Navigated to:&apos;https://demo.guru99.com/v4/&apos;
Trying to find Element By : By.xpath: //input[@name=&apos;uid&apos;]
Found Element By : By.xpath: //input[@name=&apos;uid&apos;]
Trying to find Element By : By.xpath: //input[@name=&apos;password&apos;]
Found Element By : By.xpath: //input[@name=&apos;password&apos;]
Trying to find Element By : By.name: btnLogin
Found Element By : By.name: btnLogin
Trying to click on: [[ChromeDriver: chrome on WINDOWS (22bc94e252d4fd2e73b41fc8246d1114)] -&gt; name: btnLogin]
Clicked on: [[ChromeDriver: chrome on WINDOWS (22bc94e252d4fd2e73b41fc8246d1114)] -&gt; name: btnLogin]
Trying to find Element By : By.xpath: //a[text()=&apos;New Customer&apos;]
Found Element By : By.xpath: //a[text()=&apos;New Customer&apos;]
Trying to click on: [[ChromeDriver: chrome on WINDOWS (22bc94e252d4fd2e73b41fc8246d1114)] -&gt; xpath: //a[text()=&apos;New Customer&apos;]]
Clicked on: [[ChromeDriver: chrome on WINDOWS (22bc94e252d4fd2e73b41fc8246d1114)] -&gt; xpath: //a[text()=&apos;New Customer&apos;]]
Trying to find Element By : By.xpath: //input[@name=&apos;name&apos;]
Found Element By : By.xpath: //input[@name=&apos;name&apos;]
Trying to find Element By : By.xpath: //input[@value=&apos;f&apos;]
Found Element By : By.xpath: //input[@value=&apos;f&apos;]
Trying to click on: [[ChromeDriver: chrome on WINDOWS (22bc94e252d4fd2e73b41fc8246d1114)] -&gt; xpath: //input[@value=&apos;f&apos;]]
Clicked on: [[ChromeDriver: chrome on WINDOWS (22bc94e252d4fd2e73b41fc8246d1114)] -&gt; xpath: //input[@value=&apos;f&apos;]]
Trying to find Element By : By.xpath: //input[@name=&apos;dob&apos;]
Found Element By : By.xpath: //input[@name=&apos;dob&apos;]
Trying to find Element By : By.xpath: //textarea[@name=&apos;addr&apos;]
Found Element By : By.xpath: //textarea[@name=&apos;addr&apos;]
Trying to find Element By : By.xpath: //input[@name=&apos;city&apos;]
Found Element By : By.xpath: //input[@name=&apos;city&apos;]
Trying to find Element By : By.xpath: //input[@name=&apos;state&apos;]
Found Element By : By.xpath: //input[@name=&apos;state&apos;]
Trying to find Element By : By.xpath: //input[@name=&apos;pinno&apos;]
Found Element By : By.xpath: //input[@name=&apos;pinno&apos;]
Trying to find Element By : By.xpath: //input[@name=&apos;telephoneno&apos;]
Found Element By : By.xpath: //input[@name=&apos;telephoneno&apos;]
Trying to find Element By : By.xpath: //input[@name=&apos;emailid&apos;]
Found Element By : By.xpath: //input[@name=&apos;emailid&apos;]
Trying to find Element By : By.xpath: //input[@name=&apos;password&apos;]
Found Element By : By.xpath: //input[@name=&apos;password&apos;]
Trying to find Element By : By.xpath: //input[@name=&apos;sub&apos;]
Found Element By : By.xpath: //input[@name=&apos;sub&apos;]
Trying to click on: [[ChromeDriver: chrome on WINDOWS (22bc94e252d4fd2e73b41fc8246d1114)] -&gt; xpath: //input[@name=&apos;sub&apos;]]
Clicked on: [[ChromeDriver: chrome on WINDOWS (22bc94e252d4fd2e73b41fc8246d1114)] -&gt; xpath: //input[@name=&apos;sub&apos;]]
Trying to find Element By : By.xpath: //p[text()=&apos;Customer Registered Successfully!!!&apos;]
Exception occured: org.openqa.selenium.UnhandledAlertException: unexpected alert open: {Alert text : Email Address Already Exist !!}
  (Session info: chrome=91.0.4472.114): Email Address Already Exist !!
Build info: version: &apos;3.141.0&apos;, revision: &apos;2ecb7d9a&apos;, time: &apos;2018-10-31T20:09:30&apos;
System info: host: &apos;PC-PC&apos;, ip: &apos;192.168.106.1&apos;, os.name: &apos;Windows 7&apos;, os.arch: &apos;amd64&apos;, os.version: &apos;6.1&apos;, java.version: &apos;1.8.0_161&apos;
Driver info: org.openqa.selenium.chrome.ChromeDriver
Capabilities {acceptInsecureCerts: true, browserName: chrome, browserVersion: 91.0.4472.114, chrome: {chromedriverVersion: 91.0.4472.101 (af52a90bf870..., userDataDir: C:\Users\pc\AppData\Local\T...}, goog:chromeOptions: {debuggerAddress: localhost:55735}, javascriptEnabled: true, networkConnectionEnabled: false, pageLoadStrategy: normal, platform: WINDOWS, platformName: WINDOWS, proxy: Proxy(), setWindowRect: true, strictFileInteractability: false, timeouts: {implicit: 0, pageLoad: 300000, script: 30000}, unhandledPromptBehavior: dismiss and notify, webauthn:extension:largeBlob: true, webauthn:virtualAuthenticators: true}
Session ID: 22bc94e252d4fd2e73b41fc8246d1114
*** Element info: {Using=xpath, value=//p[text()=&apos;Customer Registered Successfully!!!&apos;]}
</system-out>
    <system-err>Starting ChromeDriver 91.0.4472.101 (af52a90bf87030dd1523486a1cd3ae25c5d76c9b-refs/branch-heads/4472@{#1462}) on port 4649
Only local connections are allowed.
Please see https://chromedriver.chromium.org/security-considerations for suggestions on keeping ChromeDriver safe.
ChromeDriver was started successfully.
Jul 06, 2021 1:41:13 PM org.openqa.selenium.remote.ProtocolHandshake createSession
INFO: Detected dialect: W3C
</system-err>
  </testcase>
</testsuite>