<?xml version="1.0" encoding="UTF-8"?>
<testng-results skipped="0" failed="0" total="2" passed="2">
  <reporter-output>
  </reporter-output>
  <suite name="Default suite" duration-ms="33409" started-at="2021-07-03T17:40:03Z" finished-at="2021-07-03T17:40:36Z">
    <groups>
    </groups>
    <test name="Default test" duration-ms="33409" started-at="2021-07-03T17:40:03Z" finished-at="2021-07-03T17:40:36Z">
      <class name="com.qa.test.LoginPageTest">
        <test-method status="PASS" signature="SetUp()[pri:0, instance:com.qa.test.LoginPageTest@27f674d]" name="SetUp" is-config="true" duration-ms="15079" started-at="2021-07-03T23:10:03Z" finished-at="2021-07-03T23:10:18Z">
          <reporter-output>
          </reporter-output>
        </test-method> <!-- SetUp -->
        <test-method status="PASS" signature="VerifyUserLogin()[pri:1, instance:com.qa.test.LoginPageTest@27f674d]" name="VerifyUserLogin" duration-ms="2648" started-at="2021-07-03T23:10:18Z" finished-at="2021-07-03T23:10:20Z">
          <reporter-output>
          </reporter-output>
        </test-method> <!-- VerifyUserLogin -->
        <test-method status="PASS" signature="TearDown()[pri:0, instance:com.qa.test.LoginPageTest@27f674d]" name="TearDown" is-config="true" duration-ms="749" started-at="2021-07-03T23:10:20Z" finished-at="2021-07-03T23:10:21Z">
          <reporter-output>
          </reporter-output>
        </test-method> <!-- TearDown -->
        <test-method status="PASS" signature="SetUp()[pri:0, instance:com.qa.test.LoginPageTest@27f674d]" name="SetUp" is-config="true" duration-ms="14125" started-at="2021-07-03T23:10:21Z" finished-at="2021-07-03T23:10:35Z">
          <reporter-output>
          </reporter-output>
        </test-method> <!-- SetUp -->
        <test-method status="PASS" signature="VerifyLoginPageTitle()[pri:2, instance:com.qa.test.LoginPageTest@27f674d]" name="VerifyLoginPageTitle" duration-ms="34" started-at="2021-07-03T23:10:35Z" finished-at="2021-07-03T23:10:35Z">
          <reporter-output>
          </reporter-output>
        </test-method> <!-- VerifyLoginPageTitle -->
        <test-method status="PASS" signature="TearDown()[pri:0, instance:com.qa.test.LoginPageTest@27f674d]" name="TearDown" is-config="true" duration-ms="719" started-at="2021-07-03T23:10:35Z" finished-at="2021-07-03T23:10:36Z">
          <reporter-output>
          </reporter-output>
        </test-method> <!-- TearDown -->
      </class> <!-- com.qa.test.LoginPageTest -->
    </test> <!-- Default test -->
  </suite> <!-- Default suite -->
</testng-results>
